2023-10-17 09:59:46 [restartedMain] INFO  : Starting Application using Java 17 with PID 15812 (D:\work\spring\006EMS\target\classes started by DELL in D:\work\spring\006EMS)
2023-10-17 09:59:46 [restartedMain] INFO  : No active profile set, falling back to 1 default profile: "default"
2023-10-17 09:59:46 [restartedMain] INFO  : Bootstrapping Spring Data JPA repositories in DEFAULT mode.
2023-10-17 09:59:46 [restartedMain] INFO  : Finished Spring Data repository scanning in 20 ms. Found 4 JPA repository interfaces.
2023-10-17 09:59:46 [restartedMain] INFO  : Tomcat initialized with port(s): 8080 (http)
2023-10-17 09:59:46 [restartedMain] INFO  : Starting service [Tomcat]
2023-10-17 09:59:46 [restartedMain] INFO  : Starting Servlet engine: [Apache Tomcat/10.1.13]
2023-10-17 09:59:46 [restartedMain] INFO  : Initializing Spring embedded WebApplicationContext
2023-10-17 09:59:46 [restartedMain] INFO  : Root WebApplicationContext: initialization completed in 376 ms
2023-10-17 09:59:46 [restartedMain] INFO  : HHH000204: Processing PersistenceUnitInfo [name: default]
2023-10-17 09:59:46 [restartedMain] INFO  : HHH000021: Bytecode provider name : bytebuddy
2023-10-17 09:59:46 [restartedMain] INFO  : No LoadTimeWeaver setup: ignoring JPA class transformer
2023-10-17 09:59:46 [restartedMain] INFO  : HikariPool-7 - Starting...
2023-10-17 09:59:46 [restartedMain] INFO  : HikariPool-7 - Added connection com.mysql.cj.jdbc.ConnectionImpl@79332bb
2023-10-17 09:59:46 [restartedMain] INFO  : HikariPool-7 - Start completed.
2023-10-17 09:59:46 [restartedMain] WARN  : HHH90000026: MySQL8Dialect has been deprecated; use org.hibernate.dialect.MySQLDialect instead
2023-10-17 09:59:46 [restartedMain] INFO  : HHH000021: Bytecode provider name : bytebuddy
2023-10-17 09:59:46 [restartedMain] INFO  : HHH000490: Using JtaPlatform implementation: [org.hibernate.engine.transaction.jta.platform.internal.NoJtaPlatform]
2023-10-17 09:59:46 [restartedMain] INFO  : Initialized JPA EntityManagerFactory for persistence unit 'default'
2023-10-17 09:59:46 [restartedMain] WARN  : spring.jpa.open-in-view is enabled by default. Therefore, database queries may be performed during view rendering. Explicitly configure spring.jpa.open-in-view to disable this warning
2023-10-17 09:59:47 [restartedMain] INFO  : LiveReload server is running on port 35729
2023-10-17 09:59:47 [restartedMain] INFO  : Tomcat started on port(s): 8080 (http) with context path ''
2023-10-17 09:59:47 [restartedMain] INFO  : Started Application in 1.371 seconds (process running for 253.331)
2023-10-17 09:59:47 [restartedMain] INFO  : Condition evaluation unchanged
2023-10-17 10:00:25 [RMI TCP Connection(2)-127.0.0.1] INFO  : Application shutdown requested.
2023-10-17 10:00:25 [RMI TCP Connection(2)-127.0.0.1] INFO  : Stopping service [Tomcat]
2023-10-17 10:00:25 [RMI TCP Connection(2)-127.0.0.1] INFO  : Closing JPA EntityManagerFactory for persistence unit 'default'
2023-10-17 10:00:25 [RMI TCP Connection(2)-127.0.0.1] INFO  : HikariPool-7 - Shutdown initiated...
2023-10-17 10:00:25 [RMI TCP Connection(2)-127.0.0.1] INFO  : HikariPool-7 - Shutdown completed.
2023-10-17 10:00:34 [restartedMain] INFO  : Starting Application using Java 17 with PID 10412 (D:\work\spring\006EMS\target\classes started by DELL in D:\work\spring\006EMS)
2023-10-17 10:00:34 [restartedMain] INFO  : No active profile set, falling back to 1 default profile: "default"
2023-10-17 10:00:34 [restartedMain] INFO  : Devtools property defaults active! Set 'spring.devtools.add-properties' to 'false' to disable
2023-10-17 10:00:34 [restartedMain] INFO  : For additional web related logging consider setting the 'logging.level.web' property to 'DEBUG'
2023-10-17 10:00:35 [restartedMain] INFO  : Bootstrapping Spring Data JPA repositories in DEFAULT mode.
2023-10-17 10:00:35 [restartedMain] INFO  : Finished Spring Data repository scanning in 63 ms. Found 4 JPA repository interfaces.
2023-10-17 10:00:36 [restartedMain] INFO  : Tomcat initialized with port(s): 8080 (http)
2023-10-17 10:00:36 [restartedMain] INFO  : Initializing ProtocolHandler ["http-nio-8080"]
2023-10-17 10:00:36 [restartedMain] INFO  : Starting service [Tomcat]
2023-10-17 10:00:36 [restartedMain] INFO  : Starting Servlet engine: [Apache Tomcat/10.1.13]
2023-10-17 10:00:36 [restartedMain] INFO  : Initializing Spring embedded WebApplicationContext
2023-10-17 10:00:36 [restartedMain] INFO  : Root WebApplicationContext: initialization completed in 1665 ms
2023-10-17 10:00:36 [restartedMain] INFO  : HHH000204: Processing PersistenceUnitInfo [name: default]
2023-10-17 10:00:36 [restartedMain] INFO  : HHH000412: Hibernate ORM core version 6.2.9.Final
2023-10-17 10:00:36 [restartedMain] INFO  : HHH000406: Using bytecode reflection optimizer
2023-10-17 10:00:36 [restartedMain] INFO  : HHH000021: Bytecode provider name : bytebuddy
2023-10-17 10:00:36 [restartedMain] INFO  : No LoadTimeWeaver setup: ignoring JPA class transformer
2023-10-17 10:00:36 [restartedMain] INFO  : HikariPool-1 - Starting...
2023-10-17 10:00:37 [restartedMain] INFO  : HikariPool-1 - Added connection com.mysql.cj.jdbc.ConnectionImpl@7d922a5b
2023-10-17 10:00:37 [restartedMain] INFO  : HikariPool-1 - Start completed.
2023-10-17 10:00:37 [restartedMain] WARN  : HHH90000026: MySQL8Dialect has been deprecated; use org.hibernate.dialect.MySQLDialect instead
2023-10-17 10:00:37 [restartedMain] INFO  : HHH000021: Bytecode provider name : bytebuddy
2023-10-17 10:00:38 [restartedMain] INFO  : HHH000490: Using JtaPlatform implementation: [org.hibernate.engine.transaction.jta.platform.internal.NoJtaPlatform]
2023-10-17 10:00:38 [restartedMain] INFO  : Initialized JPA EntityManagerFactory for persistence unit 'default'
2023-10-17 10:00:38 [restartedMain] WARN  : spring.jpa.open-in-view is enabled by default. Therefore, database queries may be performed during view rendering. Explicitly configure spring.jpa.open-in-view to disable this warning
2023-10-17 10:00:39 [restartedMain] INFO  : LiveReload server is running on port 35729
2023-10-17 10:00:39 [restartedMain] INFO  : Starting ProtocolHandler ["http-nio-8080"]
2023-10-17 10:00:39 [restartedMain] INFO  : Tomcat started on port(s): 8080 (http) with context path ''
2023-10-17 10:00:39 [restartedMain] INFO  : Started Application in 5.953 seconds (process running for 6.982)
2023-10-17 10:01:57 [File Watcher] INFO  : Restarting due to 1 class path change (0 additions, 0 deletions, 1 modification)
2023-10-17 10:01:57 [Thread-5] INFO  : Pausing ProtocolHandler ["http-nio-8080"]
2023-10-17 10:01:57 [Thread-5] INFO  : Stopping service [Tomcat]
2023-10-17 10:01:57 [Thread-5] INFO  : Stopping ProtocolHandler ["http-nio-8080"]
2023-10-17 10:01:57 [Thread-5] INFO  : Destroying ProtocolHandler ["http-nio-8080"]
2023-10-17 10:01:57 [Thread-5] INFO  : Closing JPA EntityManagerFactory for persistence unit 'default'
2023-10-17 10:01:57 [Thread-5] INFO  : HikariPool-1 - Shutdown initiated...
2023-10-17 10:01:57 [Thread-5] INFO  : HikariPool-1 - Shutdown completed.
2023-10-17 10:01:57 [restartedMain] INFO  : Starting Application using Java 17 with PID 10412 (D:\work\spring\006EMS\target\classes started by DELL in D:\work\spring\006EMS)
2023-10-17 10:01:57 [restartedMain] INFO  : No active profile set, falling back to 1 default profile: "default"
2023-10-17 10:01:57 [restartedMain] INFO  : Bootstrapping Spring Data JPA repositories in DEFAULT mode.
2023-10-17 10:01:57 [restartedMain] INFO  : Finished Spring Data repository scanning in 21 ms. Found 4 JPA repository interfaces.
2023-10-17 10:01:57 [restartedMain] INFO  : Tomcat initialized with port(s): 8080 (http)
2023-10-17 10:01:57 [restartedMain] INFO  : Initializing ProtocolHandler ["http-nio-8080"]
2023-10-17 10:01:57 [restartedMain] INFO  : Starting service [Tomcat]
2023-10-17 10:01:57 [restartedMain] INFO  : Starting Servlet engine: [Apache Tomcat/10.1.13]
2023-10-17 10:01:57 [restartedMain] INFO  : Initializing Spring embedded WebApplicationContext
2023-10-17 10:01:57 [restartedMain] INFO  : Root WebApplicationContext: initialization completed in 464 ms
2023-10-17 10:01:57 [restartedMain] INFO  : HHH000204: Processing PersistenceUnitInfo [name: default]
2023-10-17 10:01:57 [restartedMain] INFO  : HHH000021: Bytecode provider name : bytebuddy
2023-10-17 10:01:57 [restartedMain] INFO  : No LoadTimeWeaver setup: ignoring JPA class transformer
2023-10-17 10:01:57 [restartedMain] INFO  : HikariPool-2 - Starting...
2023-10-17 10:01:57 [restartedMain] INFO  : HikariPool-2 - Added connection com.mysql.cj.jdbc.ConnectionImpl@74448394
2023-10-17 10:01:57 [restartedMain] INFO  : HikariPool-2 - Start completed.
2023-10-17 10:01:57 [restartedMain] WARN  : HHH90000026: MySQL8Dialect has been deprecated; use org.hibernate.dialect.MySQLDialect instead
2023-10-17 10:01:57 [restartedMain] INFO  : HHH000021: Bytecode provider name : bytebuddy
2023-10-17 10:01:57 [restartedMain] INFO  : HHH000490: Using JtaPlatform implementation: [org.hibernate.engine.transaction.jta.platform.internal.NoJtaPlatform]
2023-10-17 10:01:57 [restartedMain] INFO  : Initialized JPA EntityManagerFactory for persistence unit 'default'
2023-10-17 10:01:58 [restartedMain] WARN  : spring.jpa.open-in-view is enabled by default. Therefore, database queries may be performed during view rendering. Explicitly configure spring.jpa.open-in-view to disable this warning
2023-10-17 10:01:58 [restartedMain] INFO  : LiveReload server is running on port 35729
2023-10-17 10:01:58 [restartedMain] INFO  : Starting ProtocolHandler ["http-nio-8080"]
2023-10-17 10:01:58 [restartedMain] INFO  : Tomcat started on port(s): 8080 (http) with context path ''
2023-10-17 10:01:58 [restartedMain] INFO  : Started Application in 1.438 seconds (process running for 85.724)
2023-10-17 10:01:58 [restartedMain] INFO  : Condition evaluation unchanged
2023-10-17 10:05:25 [File Watcher] INFO  : Restarting due to 1 class path change (0 additions, 0 deletions, 1 modification)
2023-10-17 10:05:25 [Thread-7] INFO  : Pausing ProtocolHandler ["http-nio-8080"]
2023-10-17 10:05:25 [Thread-7] INFO  : Stopping service [Tomcat]
2023-10-17 10:05:25 [Thread-7] INFO  : Stopping ProtocolHandler ["http-nio-8080"]
2023-10-17 10:05:25 [Thread-7] INFO  : Destroying ProtocolHandler ["http-nio-8080"]
2023-10-17 10:05:25 [Thread-7] INFO  : Closing JPA EntityManagerFactory for persistence unit 'default'
2023-10-17 10:05:25 [Thread-7] INFO  : HikariPool-2 - Shutdown initiated...
2023-10-17 10:05:25 [Thread-7] INFO  : HikariPool-2 - Shutdown completed.
2023-10-17 10:05:25 [restartedMain] INFO  : Starting Application using Java 17 with PID 10412 (D:\work\spring\006EMS\target\classes started by DELL in D:\work\spring\006EMS)
2023-10-17 10:05:25 [restartedMain] INFO  : No active profile set, falling back to 1 default profile: "default"
2023-10-17 10:05:26 [restartedMain] INFO  : Bootstrapping Spring Data JPA repositories in DEFAULT mode.
2023-10-17 10:05:26 [restartedMain] INFO  : Finished Spring Data repository scanning in 16 ms. Found 4 JPA repository interfaces.
2023-10-17 10:05:26 [restartedMain] INFO  : Tomcat initialized with port(s): 8080 (http)
2023-10-17 10:05:26 [restartedMain] INFO  : Initializing ProtocolHandler ["http-nio-8080"]
2023-10-17 10:05:26 [restartedMain] INFO  : Starting service [Tomcat]
2023-10-17 10:05:26 [restartedMain] INFO  : Starting Servlet engine: [Apache Tomcat/10.1.13]
2023-10-17 10:05:26 [restartedMain] INFO  : Initializing Spring embedded WebApplicationContext
2023-10-17 10:05:26 [restartedMain] INFO  : Root WebApplicationContext: initialization completed in 374 ms
2023-10-17 10:05:26 [restartedMain] INFO  : HHH000204: Processing PersistenceUnitInfo [name: default]
2023-10-17 10:05:26 [restartedMain] INFO  : HHH000021: Bytecode provider name : bytebuddy
2023-10-17 10:05:26 [restartedMain] INFO  : No LoadTimeWeaver setup: ignoring JPA class transformer
2023-10-17 10:05:26 [restartedMain] INFO  : HikariPool-3 - Starting...
2023-10-17 10:05:26 [restartedMain] INFO  : HikariPool-3 - Added connection com.mysql.cj.jdbc.ConnectionImpl@18d888c8
2023-10-17 10:05:26 [restartedMain] INFO  : HikariPool-3 - Start completed.
2023-10-17 10:05:26 [restartedMain] WARN  : HHH90000026: MySQL8Dialect has been deprecated; use org.hibernate.dialect.MySQLDialect instead
2023-10-17 10:05:26 [restartedMain] INFO  : HHH000021: Bytecode provider name : bytebuddy
2023-10-17 10:05:26 [restartedMain] INFO  : HHH000490: Using JtaPlatform implementation: [org.hibernate.engine.transaction.jta.platform.internal.NoJtaPlatform]
2023-10-17 10:05:26 [restartedMain] INFO  : Initialized JPA EntityManagerFactory for persistence unit 'default'
2023-10-17 10:05:26 [restartedMain] WARN  : spring.jpa.open-in-view is enabled by default. Therefore, database queries may be performed during view rendering. Explicitly configure spring.jpa.open-in-view to disable this warning
2023-10-17 10:05:27 [restartedMain] INFO  : LiveReload server is running on port 35729
2023-10-17 10:05:27 [restartedMain] INFO  : Starting ProtocolHandler ["http-nio-8080"]
2023-10-17 10:05:27 [restartedMain] INFO  : Tomcat started on port(s): 8080 (http) with context path ''
2023-10-17 10:05:27 [restartedMain] INFO  : Started Application in 1.304 seconds (process running for 294.168)
2023-10-17 10:05:27 [restartedMain] INFO  : Condition evaluation unchanged
2023-10-17 10:05:31 [File Watcher] INFO  : Restarting due to 1 class path change (0 additions, 0 deletions, 1 modification)
2023-10-17 10:05:31 [Thread-11] INFO  : Pausing ProtocolHandler ["http-nio-8080"]
2023-10-17 10:05:31 [Thread-11] INFO  : Stopping service [Tomcat]
2023-10-17 10:05:31 [Thread-11] INFO  : Stopping ProtocolHandler ["http-nio-8080"]
2023-10-17 10:05:31 [Thread-11] INFO  : Destroying ProtocolHandler ["http-nio-8080"]
2023-10-17 10:05:31 [Thread-11] INFO  : Closing JPA EntityManagerFactory for persistence unit 'default'
2023-10-17 10:05:31 [Thread-11] INFO  : HikariPool-3 - Shutdown initiated...
2023-10-17 10:05:31 [Thread-11] INFO  : HikariPool-3 - Shutdown completed.
2023-10-17 10:05:31 [restartedMain] INFO  : Starting Application using Java 17 with PID 10412 (D:\work\spring\006EMS\target\classes started by DELL in D:\work\spring\006EMS)
2023-10-17 10:05:31 [restartedMain] INFO  : No active profile set, falling back to 1 default profile: "default"
2023-10-17 10:05:31 [restartedMain] INFO  : Bootstrapping Spring Data JPA repositories in DEFAULT mode.
2023-10-17 10:05:32 [restartedMain] INFO  : Finished Spring Data repository scanning in 14 ms. Found 4 JPA repository interfaces.
2023-10-17 10:05:32 [restartedMain] INFO  : Tomcat initialized with port(s): 8080 (http)
2023-10-17 10:05:32 [restartedMain] INFO  : Initializing ProtocolHandler ["http-nio-8080"]
2023-10-17 10:05:32 [restartedMain] INFO  : Starting service [Tomcat]
2023-10-17 10:05:32 [restartedMain] INFO  : Starting Servlet engine: [Apache Tomcat/10.1.13]
2023-10-17 10:05:32 [restartedMain] INFO  : Initializing Spring embedded WebApplicationContext
2023-10-17 10:05:32 [restartedMain] INFO  : Root WebApplicationContext: initialization completed in 291 ms
2023-10-17 10:05:32 [restartedMain] INFO  : HHH000204: Processing PersistenceUnitInfo [name: default]
2023-10-17 10:05:32 [restartedMain] INFO  : HHH000021: Bytecode provider name : bytebuddy
2023-10-17 10:05:32 [restartedMain] INFO  : No LoadTimeWeaver setup: ignoring JPA class transformer
2023-10-17 10:05:32 [restartedMain] INFO  : HikariPool-4 - Starting...
2023-10-17 10:05:32 [restartedMain] INFO  : HikariPool-4 - Added connection com.mysql.cj.jdbc.ConnectionImpl@6e03bcb5
2023-10-17 10:05:32 [restartedMain] INFO  : HikariPool-4 - Start completed.
2023-10-17 10:05:32 [restartedMain] WARN  : HHH90000026: MySQL8Dialect has been deprecated; use org.hibernate.dialect.MySQLDialect instead
2023-10-17 10:05:32 [restartedMain] INFO  : HHH000021: Bytecode provider name : bytebuddy
2023-10-17 10:05:32 [restartedMain] INFO  : HHH000490: Using JtaPlatform implementation: [org.hibernate.engine.transaction.jta.platform.internal.NoJtaPlatform]
2023-10-17 10:05:32 [restartedMain] INFO  : Initialized JPA EntityManagerFactory for persistence unit 'default'
2023-10-17 10:05:32 [restartedMain] WARN  : spring.jpa.open-in-view is enabled by default. Therefore, database queries may be performed during view rendering. Explicitly configure spring.jpa.open-in-view to disable this warning
2023-10-17 10:05:32 [restartedMain] INFO  : LiveReload server is running on port 35729
2023-10-17 10:05:32 [restartedMain] INFO  : Starting ProtocolHandler ["http-nio-8080"]
2023-10-17 10:05:32 [restartedMain] INFO  : Tomcat started on port(s): 8080 (http) with context path ''
2023-10-17 10:05:32 [restartedMain] INFO  : Started Application in 1.159 seconds (process running for 299.958)
2023-10-17 10:05:32 [restartedMain] INFO  : Condition evaluation unchanged
2023-10-17 10:05:38 [File Watcher] INFO  : Restarting due to 1 class path change (0 additions, 0 deletions, 1 modification)
2023-10-17 10:05:38 [Thread-15] INFO  : Pausing ProtocolHandler ["http-nio-8080"]
2023-10-17 10:05:38 [Thread-15] INFO  : Stopping service [Tomcat]
2023-10-17 10:05:38 [Thread-15] INFO  : Stopping ProtocolHandler ["http-nio-8080"]
2023-10-17 10:05:38 [Thread-15] INFO  : Destroying ProtocolHandler ["http-nio-8080"]
2023-10-17 10:05:38 [Thread-15] INFO  : Closing JPA EntityManagerFactory for persistence unit 'default'
2023-10-17 10:05:38 [Thread-15] INFO  : HikariPool-4 - Shutdown initiated...
2023-10-17 10:05:38 [Thread-15] INFO  : HikariPool-4 - Shutdown completed.
2023-10-17 10:05:38 [restartedMain] INFO  : Starting Application using Java 17 with PID 10412 (D:\work\spring\006EMS\target\classes started by DELL in D:\work\spring\006EMS)
2023-10-17 10:05:38 [restartedMain] INFO  : No active profile set, falling back to 1 default profile: "default"
2023-10-17 10:05:38 [restartedMain] INFO  : Bootstrapping Spring Data JPA repositories in DEFAULT mode.
2023-10-17 10:05:38 [restartedMain] INFO  : Finished Spring Data repository scanning in 20 ms. Found 4 JPA repository interfaces.
2023-10-17 10:05:38 [restartedMain] INFO  : Tomcat initialized with port(s): 8080 (http)
2023-10-17 10:05:38 [restartedMain] INFO  : Initializing ProtocolHandler ["http-nio-8080"]
2023-10-17 10:05:38 [restartedMain] INFO  : Starting service [Tomcat]
2023-10-17 10:05:38 [restartedMain] INFO  : Starting Servlet engine: [Apache Tomcat/10.1.13]
2023-10-17 10:05:38 [restartedMain] INFO  : Initializing Spring embedded WebApplicationContext
2023-10-17 10:05:38 [restartedMain] INFO  : Root WebApplicationContext: initialization completed in 293 ms
2023-10-17 10:05:38 [restartedMain] INFO  : HHH000204: Processing PersistenceUnitInfo [name: default]
2023-10-17 10:05:38 [restartedMain] INFO  : HHH000021: Bytecode provider name : bytebuddy
2023-10-17 10:05:38 [restartedMain] INFO  : No LoadTimeWeaver setup: ignoring JPA class transformer
2023-10-17 10:05:38 [restartedMain] INFO  : HikariPool-5 - Starting...
2023-10-17 10:05:38 [restartedMain] INFO  : HikariPool-5 - Added connection com.mysql.cj.jdbc.ConnectionImpl@37cbe849
2023-10-17 10:05:38 [restartedMain] INFO  : HikariPool-5 - Start completed.
2023-10-17 10:05:38 [restartedMain] WARN  : HHH90000026: MySQL8Dialect has been deprecated; use org.hibernate.dialect.MySQLDialect instead
2023-10-17 10:05:38 [restartedMain] INFO  : HHH000021: Bytecode provider name : bytebuddy
2023-10-17 10:05:38 [restartedMain] INFO  : HHH000490: Using JtaPlatform implementation: [org.hibernate.engine.transaction.jta.platform.internal.NoJtaPlatform]
2023-10-17 10:05:38 [restartedMain] INFO  : Initialized JPA EntityManagerFactory for persistence unit 'default'
2023-10-17 10:05:39 [restartedMain] WARN  : spring.jpa.open-in-view is enabled by default. Therefore, database queries may be performed during view rendering. Explicitly configure spring.jpa.open-in-view to disable this warning
2023-10-17 10:05:39 [restartedMain] INFO  : LiveReload server is running on port 35729
2023-10-17 10:05:39 [restartedMain] INFO  : Starting ProtocolHandler ["http-nio-8080"]
2023-10-17 10:05:39 [restartedMain] INFO  : Tomcat started on port(s): 8080 (http) with context path ''
2023-10-17 10:05:39 [restartedMain] INFO  : Started Application in 1.129 seconds (process running for 306.658)
2023-10-17 10:05:39 [restartedMain] INFO  : Condition evaluation unchanged
2023-10-17 10:05:52 [File Watcher] INFO  : Restarting due to 1 class path change (0 additions, 0 deletions, 1 modification)
2023-10-17 10:05:52 [Thread-19] INFO  : Pausing ProtocolHandler ["http-nio-8080"]
2023-10-17 10:05:52 [Thread-19] INFO  : Stopping service [Tomcat]
2023-10-17 10:05:52 [Thread-19] INFO  : Stopping ProtocolHandler ["http-nio-8080"]
2023-10-17 10:05:52 [Thread-19] INFO  : Destroying ProtocolHandler ["http-nio-8080"]
2023-10-17 10:05:52 [Thread-19] INFO  : Closing JPA EntityManagerFactory for persistence unit 'default'
2023-10-17 10:05:52 [Thread-19] INFO  : HikariPool-5 - Shutdown initiated...
2023-10-17 10:05:52 [Thread-19] INFO  : HikariPool-5 - Shutdown completed.
2023-10-17 10:05:52 [restartedMain] INFO  : Starting Application using Java 17 with PID 10412 (D:\work\spring\006EMS\target\classes started by DELL in D:\work\spring\006EMS)
2023-10-17 10:05:52 [restartedMain] INFO  : No active profile set, falling back to 1 default profile: "default"
2023-10-17 10:05:52 [restartedMain] INFO  : Bootstrapping Spring Data JPA repositories in DEFAULT mode.
2023-10-17 10:05:52 [restartedMain] INFO  : Finished Spring Data repository scanning in 17 ms. Found 4 JPA repository interfaces.
2023-10-17 10:05:52 [restartedMain] INFO  : Tomcat initialized with port(s): 8080 (http)
2023-10-17 10:05:52 [restartedMain] INFO  : Initializing ProtocolHandler ["http-nio-8080"]
2023-10-17 10:05:52 [restartedMain] INFO  : Starting service [Tomcat]
2023-10-17 10:05:52 [restartedMain] INFO  : Starting Servlet engine: [Apache Tomcat/10.1.13]
2023-10-17 10:05:52 [restartedMain] INFO  : Initializing Spring embedded WebApplicationContext
2023-10-17 10:05:52 [restartedMain] INFO  : Root WebApplicationContext: initialization completed in 292 ms
2023-10-17 10:05:52 [restartedMain] INFO  : HHH000204: Processing PersistenceUnitInfo [name: default]
2023-10-17 10:05:52 [restartedMain] INFO  : HHH000021: Bytecode provider name : bytebuddy
2023-10-17 10:05:52 [restartedMain] INFO  : No LoadTimeWeaver setup: ignoring JPA class transformer
2023-10-17 10:05:52 [restartedMain] INFO  : HikariPool-6 - Starting...
2023-10-17 10:05:52 [restartedMain] INFO  : HikariPool-6 - Added connection com.mysql.cj.jdbc.ConnectionImpl@736a30e
2023-10-17 10:05:52 [restartedMain] INFO  : HikariPool-6 - Start completed.
2023-10-17 10:05:52 [restartedMain] WARN  : HHH90000026: MySQL8Dialect has been deprecated; use org.hibernate.dialect.MySQLDialect instead
2023-10-17 10:05:52 [restartedMain] INFO  : HHH000021: Bytecode provider name : bytebuddy
2023-10-17 10:05:52 [restartedMain] INFO  : HHH000490: Using JtaPlatform implementation: [org.hibernate.engine.transaction.jta.platform.internal.NoJtaPlatform]
2023-10-17 10:05:52 [restartedMain] INFO  : Initialized JPA EntityManagerFactory for persistence unit 'default'
2023-10-17 10:05:52 [restartedMain] WARN  : spring.jpa.open-in-view is enabled by default. Therefore, database queries may be performed during view rendering. Explicitly configure spring.jpa.open-in-view to disable this warning
2023-10-17 10:05:53 [restartedMain] INFO  : LiveReload server is running on port 35729
2023-10-17 10:05:53 [restartedMain] INFO  : Starting ProtocolHandler ["http-nio-8080"]
2023-10-17 10:05:53 [restartedMain] INFO  : Tomcat started on port(s): 8080 (http) with context path ''
2023-10-17 10:05:53 [restartedMain] INFO  : Started Application in 1.127 seconds (process running for 320.539)
2023-10-17 10:05:53 [restartedMain] INFO  : Condition evaluation unchanged
2023-10-17 10:05:54 [File Watcher] INFO  : Restarting due to 1 class path change (0 additions, 0 deletions, 1 modification)
2023-10-17 10:05:54 [Thread-23] INFO  : Pausing ProtocolHandler ["http-nio-8080"]
2023-10-17 10:05:54 [Thread-23] INFO  : Stopping service [Tomcat]
2023-10-17 10:05:54 [Thread-23] INFO  : Stopping ProtocolHandler ["http-nio-8080"]
2023-10-17 10:05:54 [Thread-23] INFO  : Destroying ProtocolHandler ["http-nio-8080"]
2023-10-17 10:05:54 [Thread-23] INFO  : Closing JPA EntityManagerFactory for persistence unit 'default'
2023-10-17 10:05:54 [Thread-23] INFO  : HikariPool-6 - Shutdown initiated...
2023-10-17 10:05:54 [Thread-23] INFO  : HikariPool-6 - Shutdown completed.
2023-10-17 10:05:55 [restartedMain] INFO  : Starting Application using Java 17 with PID 10412 (D:\work\spring\006EMS\target\classes started by DELL in D:\work\spring\006EMS)
2023-10-17 10:05:55 [restartedMain] INFO  : No active profile set, falling back to 1 default profile: "default"
2023-10-17 10:05:55 [restartedMain] INFO  : Bootstrapping Spring Data JPA repositories in DEFAULT mode.
2023-10-17 10:05:55 [restartedMain] INFO  : Finished Spring Data repository scanning in 17 ms. Found 4 JPA repository interfaces.
2023-10-17 10:05:55 [restartedMain] INFO  : Tomcat initialized with port(s): 8080 (http)
2023-10-17 10:05:55 [restartedMain] INFO  : Initializing ProtocolHandler ["http-nio-8080"]
2023-10-17 10:05:55 [restartedMain] INFO  : Starting service [Tomcat]
2023-10-17 10:05:55 [restartedMain] INFO  : Starting Servlet engine: [Apache Tomcat/10.1.13]
2023-10-17 10:05:55 [restartedMain] INFO  : Initializing Spring embedded WebApplicationContext
2023-10-17 10:05:55 [restartedMain] INFO  : Root WebApplicationContext: initialization completed in 293 ms
2023-10-17 10:05:55 [restartedMain] INFO  : HHH000204: Processing PersistenceUnitInfo [name: default]
2023-10-17 10:05:55 [restartedMain] INFO  : HHH000021: Bytecode provider name : bytebuddy
2023-10-17 10:05:55 [restartedMain] INFO  : No LoadTimeWeaver setup: ignoring JPA class transformer
2023-10-17 10:05:55 [restartedMain] INFO  : HikariPool-7 - Starting...
2023-10-17 10:05:55 [restartedMain] INFO  : HikariPool-7 - Added connection com.mysql.cj.jdbc.ConnectionImpl@17c0b8c0
2023-10-17 10:05:55 [restartedMain] INFO  : HikariPool-7 - Start completed.
2023-10-17 10:05:55 [restartedMain] WARN  : HHH90000026: MySQL8Dialect has been deprecated; use org.hibernate.dialect.MySQLDialect instead
2023-10-17 10:05:55 [restartedMain] INFO  : HHH000021: Bytecode provider name : bytebuddy
2023-10-17 10:05:55 [restartedMain] INFO  : HHH000490: Using JtaPlatform implementation: [org.hibernate.engine.transaction.jta.platform.internal.NoJtaPlatform]
2023-10-17 10:05:55 [restartedMain] INFO  : Initialized JPA EntityManagerFactory for persistence unit 'default'
2023-10-17 10:05:55 [restartedMain] WARN  : spring.jpa.open-in-view is enabled by default. Therefore, database queries may be performed during view rendering. Explicitly configure spring.jpa.open-in-view to disable this warning
2023-10-17 10:05:56 [restartedMain] INFO  : LiveReload server is running on port 35729
2023-10-17 10:05:56 [restartedMain] INFO  : Starting ProtocolHandler ["http-nio-8080"]
2023-10-17 10:05:56 [restartedMain] INFO  : Tomcat started on port(s): 8080 (http) with context path ''
2023-10-17 10:05:56 [restartedMain] INFO  : Started Application in 1.146 seconds (process running for 323.187)
2023-10-17 10:05:56 [restartedMain] INFO  : Condition evaluation unchanged
2023-10-17 10:16:54 [HikariPool-7 housekeeper] WARN  : HikariPool-7 - Thread starvation or clock leap detected (housekeeper delta=6m59s174ms606µs500ns).
2023-10-17 10:16:59 [RMI TCP Connection(2)-127.0.0.1] INFO  : Application shutdown requested.
2023-10-17 10:16:59 [RMI TCP Connection(2)-127.0.0.1] INFO  : Pausing ProtocolHandler ["http-nio-8080"]
2023-10-17 10:16:59 [RMI TCP Connection(2)-127.0.0.1] INFO  : Stopping service [Tomcat]
2023-10-17 10:16:59 [RMI TCP Connection(2)-127.0.0.1] INFO  : Stopping ProtocolHandler ["http-nio-8080"]
2023-10-17 10:16:59 [RMI TCP Connection(2)-127.0.0.1] INFO  : Destroying ProtocolHandler ["http-nio-8080"]
2023-10-17 10:16:59 [RMI TCP Connection(2)-127.0.0.1] INFO  : Closing JPA EntityManagerFactory for persistence unit 'default'
2023-10-17 10:16:59 [RMI TCP Connection(2)-127.0.0.1] INFO  : HikariPool-7 - Shutdown initiated...
2023-10-17 10:16:59 [RMI TCP Connection(2)-127.0.0.1] INFO  : HikariPool-7 - Shutdown completed.
